<?xml version="1.0" encoding="UTF-8"?>
<testsuite xmlns:xsi="http://www.w3.org/2001/XMLSchema-instance" xsi:noNamespaceSchemaLocation="https://maven.apache.org/surefire/maven-surefire-plugin/xsd/surefire-test-report.xsd" name="completion.store.CandidateDBStoreTest" time="0.446" tests="3" errors="0" skipped="0" failures="0">
  <properties>
[...]
</properties>
  <testcase name="whenCreatePost" classname="completion.store.CandidateDBStoreTest" time="0.403"/>
  <testcase name="whenFindAll" classname="completion.store.CandidateDBStoreTest" time="0.003"/>
  <testcase name="whenUpdatePost" classname="completion.store.CandidateDBStoreTest" time="0.033"/>
</testsuite>